2020-08-18 10:37:31.195  INFO 2900 --- [restartedMain] b.c.j.library.api.LibraryApiApplication  : Starting LibraryApiApplication on DESKTOP-FJR6BON with PID 2900 (D:\Projetos_Spring\library-api\target\classes started by tonto in D:\Projetos_Spring\library-api)
2020-08-18 10:37:31.207  INFO 2900 --- [restartedMain] b.c.j.library.api.LibraryApiApplication  : No active profile set, falling back to default profiles: default
2020-08-18 10:37:31.378  INFO 2900 --- [restartedMain] o.s.b.devtools.restart.ChangeableUrls    : The Class-Path manifest attribute in C:\Users\tonto\.m2\repository\org\glassfish\jaxb\jaxb-runtime\2.3.2\jaxb-runtime-2.3.2.jar referenced one or more files that do not exist: file:/C:/Users/tonto/.m2/repository/org/glassfish/jaxb/jaxb-runtime/2.3.2/jakarta.xml.bind-api-2.3.2.jar,file:/C:/Users/tonto/.m2/repository/org/glassfish/jaxb/jaxb-runtime/2.3.2/txw2-2.3.2.jar,file:/C:/Users/tonto/.m2/repository/org/glassfish/jaxb/jaxb-runtime/2.3.2/istack-commons-runtime-3.0.8.jar,file:/C:/Users/tonto/.m2/repository/org/glassfish/jaxb/jaxb-runtime/2.3.2/stax-ex-1.8.1.jar,file:/C:/Users/tonto/.m2/repository/org/glassfish/jaxb/jaxb-runtime/2.3.2/FastInfoset-1.2.16.jar,file:/C:/Users/tonto/.m2/repository/org/glassfish/jaxb/jaxb-runtime/2.3.2/jakarta.activation-api-1.2.1.jar
2020-08-18 10:37:31.379  INFO 2900 --- [restartedMain] .e.DevToolsPropertyDefaultsPostProcessor : Devtools property defaults active! Set 'spring.devtools.add-properties' to 'false' to disable
2020-08-18 10:37:31.379  INFO 2900 --- [restartedMain] .e.DevToolsPropertyDefaultsPostProcessor : For additional web related logging consider setting the 'logging.level.web' property to 'DEBUG'
2020-08-18 10:37:34.170  INFO 2900 --- [restartedMain] .s.d.r.c.RepositoryConfigurationDelegate : Bootstrapping Spring Data repositories in DEFAULT mode.
2020-08-18 10:37:34.276  INFO 2900 --- [restartedMain] .s.d.r.c.RepositoryConfigurationDelegate : Finished Spring Data repository scanning in 92ms. Found 2 repository interfaces.
2020-08-18 10:37:34.920  INFO 2900 --- [restartedMain] trationDelegate$BeanPostProcessorChecker : Bean 'org.springframework.transaction.annotation.ProxyTransactionManagementConfiguration' of type [org.springframework.transaction.annotation.ProxyTransactionManagementConfiguration] is not eligible for getting processed by all BeanPostProcessors (for example: not eligible for auto-proxying)
2020-08-18 10:37:35.900  INFO 2900 --- [restartedMain] o.s.b.w.embedded.tomcat.TomcatWebServer  : Tomcat initialized with port(s): 8080 (http)
2020-08-18 10:37:35.919  INFO 2900 --- [restartedMain] o.apache.catalina.core.StandardService   : Starting service [Tomcat]
2020-08-18 10:37:35.920  INFO 2900 --- [restartedMain] org.apache.catalina.core.StandardEngine  : Starting Servlet engine: [Apache Tomcat/9.0.27]
2020-08-18 10:37:36.088  INFO 2900 --- [restartedMain] o.a.c.c.C.[Tomcat].[localhost].[/]       : Initializing Spring embedded WebApplicationContext
2020-08-18 10:37:36.089  INFO 2900 --- [restartedMain] o.s.web.context.ContextLoader            : Root WebApplicationContext: initialization completed in 4710 ms
2020-08-18 10:37:36.523  INFO 2900 --- [restartedMain] com.zaxxer.hikari.HikariDataSource       : HikariPool-1 - Starting...
2020-08-18 10:37:36.819  INFO 2900 --- [restartedMain] com.zaxxer.hikari.HikariDataSource       : HikariPool-1 - Start completed.
2020-08-18 10:37:36.827  INFO 2900 --- [restartedMain] o.s.b.a.h2.H2ConsoleAutoConfiguration    : H2 console available at '/h2-console'. Database available at 'jdbc:h2:mem:testdb'
2020-08-18 10:37:37.197  INFO 2900 --- [restartedMain] o.s.b.a.e.web.ServletEndpointRegistrar   : Registered '/actuator/jolokia' to jolokia-actuator-endpoint
2020-08-18 10:37:37.384  INFO 2900 --- [restartedMain] o.hibernate.jpa.internal.util.LogHelper  : HHH000204: Processing PersistenceUnitInfo [name: default]
2020-08-18 10:37:37.500  INFO 2900 --- [restartedMain] org.hibernate.Version                    : HHH000412: Hibernate Core {5.4.8.Final}
2020-08-18 10:37:37.704  INFO 2900 --- [restartedMain] o.hibernate.annotations.common.Version   : HCANN000001: Hibernate Commons Annotations {5.1.0.Final}
2020-08-18 10:37:37.859  INFO 2900 --- [restartedMain] org.hibernate.dialect.Dialect            : HHH000400: Using dialect: org.hibernate.dialect.H2Dialect
2020-08-18 10:37:38.875  INFO 2900 --- [restartedMain] o.h.e.t.j.p.i.JtaPlatformInitiator       : HHH000490: Using JtaPlatform implementation: [org.hibernate.engine.transaction.jta.platform.internal.NoJtaPlatform]
2020-08-18 10:37:38.883  INFO 2900 --- [restartedMain] j.LocalContainerEntityManagerFactoryBean : Initialized JPA EntityManagerFactory for persistence unit 'default'
2020-08-18 10:37:38.900  INFO 2900 --- [restartedMain] o.s.b.d.a.OptionalLiveReloadServer       : LiveReload server is running on port 35729
2020-08-18 10:37:40.542  WARN 2900 --- [restartedMain] JpaBaseConfiguration$JpaWebConfiguration : spring.jpa.open-in-view is enabled by default. Therefore, database queries may be performed during view rendering. Explicitly configure spring.jpa.open-in-view to disable this warning
2020-08-18 10:37:41.406  INFO 2900 --- [restartedMain] o.s.b.a.e.web.EndpointLinksResolver      : Exposing 15 endpoint(s) beneath base path '/actuator'
2020-08-18 10:37:42.317  INFO 2900 --- [restartedMain] o.s.s.concurrent.ThreadPoolTaskExecutor  : Initializing ExecutorService 'applicationTaskExecutor'
2020-08-18 10:37:42.852  INFO 2900 --- [restartedMain] o.s.s.c.ThreadPoolTaskScheduler          : Initializing ExecutorService 'taskScheduler'
2020-08-18 10:37:42.929  INFO 2900 --- [restartedMain] d.s.w.p.DocumentationPluginsBootstrapper : Context refreshed
2020-08-18 10:37:42.974  INFO 2900 --- [restartedMain] d.s.w.p.DocumentationPluginsBootstrapper : Found 1 custom documentation plugin(s)
2020-08-18 10:37:43.121  INFO 2900 --- [restartedMain] s.d.s.w.s.ApiListingReferenceScanner     : Scanning for api listing references
2020-08-18 10:37:44.420  INFO 2900 --- [restartedMain] .d.s.w.r.o.CachingOperationNameGenerator : Generating unique operation named: createUsingPOST_1
2020-08-18 10:37:44.443  INFO 2900 --- [restartedMain] .d.s.w.r.o.CachingOperationNameGenerator : Generating unique operation named: findUsingGET_1
2020-08-18 10:37:44.575  INFO 2900 --- [restartedMain] o.s.b.w.embedded.tomcat.TomcatWebServer  : Tomcat started on port(s): 8080 (http) with context path ''
2020-08-18 10:37:44.578  INFO 2900 --- [restartedMain] b.c.j.library.api.LibraryApiApplication  : Started LibraryApiApplication in 14.139 seconds (JVM running for 15.862)
2020-08-18 10:39:02.068  INFO 15264 --- [restartedMain] b.c.j.library.api.LibraryApiApplication  : Starting LibraryApiApplication on DESKTOP-FJR6BON with PID 15264 (D:\Projetos_Spring\library-api\target\classes started by tonto in D:\Projetos_Spring\library-api)
2020-08-18 10:39:02.074  INFO 15264 --- [restartedMain] b.c.j.library.api.LibraryApiApplication  : No active profile set, falling back to default profiles: default
2020-08-18 10:39:02.184  INFO 15264 --- [restartedMain] o.s.b.devtools.restart.ChangeableUrls    : The Class-Path manifest attribute in C:\Users\tonto\.m2\repository\org\glassfish\jaxb\jaxb-runtime\2.3.2\jaxb-runtime-2.3.2.jar referenced one or more files that do not exist: file:/C:/Users/tonto/.m2/repository/org/glassfish/jaxb/jaxb-runtime/2.3.2/jakarta.xml.bind-api-2.3.2.jar,file:/C:/Users/tonto/.m2/repository/org/glassfish/jaxb/jaxb-runtime/2.3.2/txw2-2.3.2.jar,file:/C:/Users/tonto/.m2/repository/org/glassfish/jaxb/jaxb-runtime/2.3.2/istack-commons-runtime-3.0.8.jar,file:/C:/Users/tonto/.m2/repository/org/glassfish/jaxb/jaxb-runtime/2.3.2/stax-ex-1.8.1.jar,file:/C:/Users/tonto/.m2/repository/org/glassfish/jaxb/jaxb-runtime/2.3.2/FastInfoset-1.2.16.jar,file:/C:/Users/tonto/.m2/repository/org/glassfish/jaxb/jaxb-runtime/2.3.2/jakarta.activation-api-1.2.1.jar
2020-08-18 10:39:02.184  INFO 15264 --- [restartedMain] .e.DevToolsPropertyDefaultsPostProcessor : Devtools property defaults active! Set 'spring.devtools.add-properties' to 'false' to disable
2020-08-18 10:39:02.186  INFO 15264 --- [restartedMain] .e.DevToolsPropertyDefaultsPostProcessor : For additional web related logging consider setting the 'logging.level.web' property to 'DEBUG'
2020-08-18 10:39:04.699  INFO 15264 --- [restartedMain] .s.d.r.c.RepositoryConfigurationDelegate : Bootstrapping Spring Data repositories in DEFAULT mode.
2020-08-18 10:39:04.926  INFO 15264 --- [restartedMain] .s.d.r.c.RepositoryConfigurationDelegate : Finished Spring Data repository scanning in 211ms. Found 2 repository interfaces.
2020-08-18 10:39:05.650  INFO 15264 --- [restartedMain] trationDelegate$BeanPostProcessorChecker : Bean 'org.springframework.transaction.annotation.ProxyTransactionManagementConfiguration' of type [org.springframework.transaction.annotation.ProxyTransactionManagementConfiguration] is not eligible for getting processed by all BeanPostProcessors (for example: not eligible for auto-proxying)
2020-08-18 10:39:06.461  INFO 15264 --- [restartedMain] o.s.b.w.embedded.tomcat.TomcatWebServer  : Tomcat initialized with port(s): 8080 (http)
2020-08-18 10:39:06.480  INFO 15264 --- [restartedMain] o.apache.catalina.core.StandardService   : Starting service [Tomcat]
2020-08-18 10:39:06.483  INFO 15264 --- [restartedMain] org.apache.catalina.core.StandardEngine  : Starting Servlet engine: [Apache Tomcat/9.0.27]
2020-08-18 10:39:06.641  INFO 15264 --- [restartedMain] o.a.c.c.C.[Tomcat].[localhost].[/]       : Initializing Spring embedded WebApplicationContext
2020-08-18 10:39:06.642  INFO 15264 --- [restartedMain] o.s.web.context.ContextLoader            : Root WebApplicationContext: initialization completed in 4455 ms
2020-08-18 10:39:06.838  INFO 15264 --- [restartedMain] com.zaxxer.hikari.HikariDataSource       : HikariPool-1 - Starting...
2020-08-18 10:39:07.096  INFO 15264 --- [restartedMain] com.zaxxer.hikari.HikariDataSource       : HikariPool-1 - Start completed.
2020-08-18 10:39:07.111  INFO 15264 --- [restartedMain] o.s.b.a.h2.H2ConsoleAutoConfiguration    : H2 console available at '/h2-console'. Database available at 'jdbc:h2:mem:testdb'
2020-08-18 10:39:07.473  INFO 15264 --- [restartedMain] o.s.b.a.e.web.ServletEndpointRegistrar   : Registered '/actuator/jolokia' to jolokia-actuator-endpoint
2020-08-18 10:39:07.633  INFO 15264 --- [restartedMain] o.hibernate.jpa.internal.util.LogHelper  : HHH000204: Processing PersistenceUnitInfo [name: default]
2020-08-18 10:39:07.732  INFO 15264 --- [restartedMain] org.hibernate.Version                    : HHH000412: Hibernate Core {5.4.8.Final}
2020-08-18 10:39:07.890  INFO 15264 --- [restartedMain] o.hibernate.annotations.common.Version   : HCANN000001: Hibernate Commons Annotations {5.1.0.Final}
2020-08-18 10:39:08.087  INFO 15264 --- [restartedMain] org.hibernate.dialect.Dialect            : HHH000400: Using dialect: org.hibernate.dialect.H2Dialect
2020-08-18 10:39:09.173  INFO 15264 --- [restartedMain] o.h.e.t.j.p.i.JtaPlatformInitiator       : HHH000490: Using JtaPlatform implementation: [org.hibernate.engine.transaction.jta.platform.internal.NoJtaPlatform]
2020-08-18 10:39:09.181  INFO 15264 --- [restartedMain] j.LocalContainerEntityManagerFactoryBean : Initialized JPA EntityManagerFactory for persistence unit 'default'
2020-08-18 10:39:09.203  INFO 15264 --- [restartedMain] o.s.b.d.a.OptionalLiveReloadServer       : LiveReload server is running on port 35729
2020-08-18 10:39:10.445  WARN 15264 --- [restartedMain] JpaBaseConfiguration$JpaWebConfiguration : spring.jpa.open-in-view is enabled by default. Therefore, database queries may be performed during view rendering. Explicitly configure spring.jpa.open-in-view to disable this warning
2020-08-18 10:39:10.627  INFO 15264 --- [restartedMain] o.s.b.a.e.web.EndpointLinksResolver      : Exposing 15 endpoint(s) beneath base path '/actuator'
2020-08-18 10:39:10.911  INFO 15264 --- [restartedMain] o.s.s.concurrent.ThreadPoolTaskExecutor  : Initializing ExecutorService 'applicationTaskExecutor'
2020-08-18 10:39:11.105  INFO 15264 --- [restartedMain] o.s.s.c.ThreadPoolTaskScheduler          : Initializing ExecutorService
2020-08-18 10:39:11.191  INFO 15264 --- [restartedMain] o.s.s.c.ThreadPoolTaskScheduler          : Initializing ExecutorService 'taskScheduler'
2020-08-18 10:39:11.240  INFO 15264 --- [restartedMain] d.s.w.p.DocumentationPluginsBootstrapper : Context refreshed
2020-08-18 10:39:11.270  INFO 15264 --- [restartedMain] d.s.w.p.DocumentationPluginsBootstrapper : Found 1 custom documentation plugin(s)
2020-08-18 10:39:11.286  INFO 15264 --- [restartedMain] s.d.s.w.s.ApiListingReferenceScanner     : Scanning for api listing references
2020-08-18 10:39:11.646  INFO 15264 --- [restartedMain] .d.s.w.r.o.CachingOperationNameGenerator : Generating unique operation named: createUsingPOST_1
2020-08-18 10:39:11.668  INFO 15264 --- [restartedMain] .d.s.w.r.o.CachingOperationNameGenerator : Generating unique operation named: findUsingGET_1
2020-08-18 10:39:11.750  INFO 15264 --- [restartedMain] o.s.b.w.embedded.tomcat.TomcatWebServer  : Tomcat started on port(s): 8080 (http) with context path ''
2020-08-18 10:39:11.753  INFO 15264 --- [restartedMain] b.c.j.library.api.LibraryApiApplication  : Started LibraryApiApplication in 10.376 seconds (JVM running for 11.46)
2020-08-18 10:39:17.298  INFO 15264 --- [registrationTask1] d.c.b.a.c.r.ApplicationRegistrator       : Application registered itself as f505e14146d1
2020-08-18 10:39:17.428  INFO 15264 --- [http-nio-8080-exec-1] o.a.c.c.C.[Tomcat].[localhost].[/]       : Initializing Spring DispatcherServlet 'dispatcherServlet'
2020-08-18 10:39:17.428  INFO 15264 --- [http-nio-8080-exec-1] o.s.web.servlet.DispatcherServlet        : Initializing Servlet 'dispatcherServlet'
2020-08-18 10:39:17.439  INFO 15264 --- [http-nio-8080-exec-1] o.s.web.servlet.DispatcherServlet        : Completed initialization in 10 ms
2020-08-18 10:39:34.401  INFO 15264 --- [http-nio-8080-exec-6] o.a.c.c.C.[Tomcat].[localhost].[/]       : jolokia-actuator-endpoint: No access restrictor found, access to any MBean is allowed
2020-08-18 11:40:15.772  INFO 16372 --- [main] b.c.j.l.api.resource.BookControllerTest  : Starting BookControllerTest on DESKTOP-FJR6BON with PID 16372 (started by tonto in D:\Projetos_Spring\library-api)
2020-08-18 11:40:15.780  INFO 16372 --- [main] b.c.j.l.api.resource.BookControllerTest  : The following profiles are active: test
2020-08-18 11:40:18.465  INFO 16372 --- [main] o.s.s.concurrent.ThreadPoolTaskExecutor  : Initializing ExecutorService 'applicationTaskExecutor'
2020-08-18 11:40:18.852  INFO 16372 --- [main] o.s.b.t.m.w.SpringBootMockServletContext : Initializing Spring TestDispatcherServlet ''
2020-08-18 11:40:18.853  INFO 16372 --- [main] o.s.t.web.servlet.TestDispatcherServlet  : Initializing Servlet ''
2020-08-18 11:40:18.873  INFO 16372 --- [main] o.s.t.web.servlet.TestDispatcherServlet  : Completed initialization in 19 ms
2020-08-18 11:40:18.939  INFO 16372 --- [main] b.c.j.l.api.resource.BookControllerTest  : Started BookControllerTest in 4.051 seconds (JVM running for 6.562)
2020-08-18 11:40:19.282  INFO 16372 --- [main] b.c.j.l.api.resources.BookController     : Updating book of id: 1
2020-08-18 11:40:19.830  INFO 16372 --- [main] b.c.j.l.api.resources.BookController     : Creating a book for isbn: 001232
2020-08-18 11:40:19.855  INFO 16372 --- [main] b.c.j.l.api.resources.BookController     : Updating book of id: 1
2020-08-18 11:40:19.886  INFO 16372 --- [main] b.c.j.l.api.resources.BookController     : Creating a book for isbn: 001232
2020-08-18 11:40:19.907  INFO 16372 --- [main] b.c.j.l.api.resources.BookController     : Obtaining details for book id: 1
2020-08-18 11:40:19.921  INFO 16372 --- [main] b.c.j.l.api.resources.BookController     : Deleting book of id: 1
2020-08-18 11:40:19.939  INFO 16372 --- [main] b.c.j.l.api.resources.BookController     : Deleting book of id: 1
2020-08-18 11:40:19.970  INFO 16372 --- [main] b.c.j.l.api.resources.BookController     : Obtaining details for book id: 1
2020-08-18 11:40:20.073  INFO 16372 --- [SpringContextShutdownHook] o.s.s.concurrent.ThreadPoolTaskExecutor  : Shutting down ExecutorService 'applicationTaskExecutor'
